demo/build/intermediates/manifest_merge_blame_file/release/processReleaseMainManifest/manifest-merger-blame-release-report.txt
1<?xml version="1.0" encoding="utf-8"?>
2<manifest xmlns:android="http://schemas.android.com/apk/res/android"
3    package="com.si.brightcove.demo"
4    android:versionCode="1"
5    android:versionName="1.0" >
6
7    <uses-sdk
8        android:minSdkVersion="24"
9        android:targetSdkVersion="36" />
10
11    <uses-permission android:name="android.permission.INTERNET" />
11-->src\main\AndroidManifest.xml:5:5-67
11-->src\main\AndroidManifest.xml:5:22-64
12    <uses-permission android:name="android.permission.ACCESS_NETWORK_STATE" />
12-->src\main\AndroidManifest.xml:6:5-79
12-->src\main\AndroidManifest.xml:6:22-76
13
14    <!-- Offline DRM related permissions -->
15    <uses-permission android:name="android.permission.READ_EXTERNAL_STORAGE" />
15-->[com.brightcove.player:exoplayer2:8.3.0] AndroidManifest.xml:7:5-80
15-->[com.brightcove.player:exoplayer2:8.3.0] AndroidManifest.xml:7:22-77
16    <uses-permission android:name="android.permission.WRITE_EXTERNAL_STORAGE" />
16-->[com.brightcove.player:exoplayer2:8.3.0] AndroidManifest.xml:8:5-81
16-->[com.brightcove.player:exoplayer2:8.3.0] AndroidManifest.xml:8:22-78
17
18    <permission
18-->[androidx.core:core:1.17.0] AndroidManifest.xml:22:5-24:47
19        android:name="com.si.brightcove.demo.DYNAMIC_RECEIVER_NOT_EXPORTED_PERMISSION"
19-->[androidx.core:core:1.17.0] AndroidManifest.xml:23:9-81
20        android:protectionLevel="signature" />
20-->[androidx.core:core:1.17.0] AndroidManifest.xml:24:9-44
21
22    <uses-permission android:name="com.si.brightcove.demo.DYNAMIC_RECEIVER_NOT_EXPORTED_PERMISSION" />
22-->[androidx.core:core:1.17.0] AndroidManifest.xml:26:5-97
22-->[androidx.core:core:1.17.0] AndroidManifest.xml:26:22-94
23    <uses-permission android:name="android.permission.FOREGROUND_SERVICE" />
23-->[com.brightcove.player:android-sdk:8.3.0] AndroidManifest.xml:9:5-77
23-->[com.brightcove.player:android-sdk:8.3.0] AndroidManifest.xml:9:22-74
24    <uses-permission android:name="android.permission.FOREGROUND_SERVICE_MEDIA_PLAYBACK" />
24-->[com.brightcove.player:android-sdk:8.3.0] AndroidManifest.xml:10:5-92
24-->[com.brightcove.player:android-sdk:8.3.0] AndroidManifest.xml:10:22-89
25
26    <application
26-->src\main\AndroidManifest.xml:8:5-29:19
27        android:allowBackup="true"
27-->src\main\AndroidManifest.xml:9:9-35
28        android:appComponentFactory="androidx.core.app.CoreComponentFactory"
28-->[androidx.core:core:1.17.0] AndroidManifest.xml:28:18-86
29        android:dataExtractionRules="@xml/data_extraction_rules"
29-->src\main\AndroidManifest.xml:10:9-65
30        android:extractNativeLibs="false"
31        android:fullBackupContent="@xml/backup_rules"
31-->src\main\AndroidManifest.xml:11:9-54
32        android:icon="@mipmap/ic_launcher"
32-->src\main\AndroidManifest.xml:12:9-43
33        android:label="@string/app_name"
33-->src\main\AndroidManifest.xml:13:9-41
34        android:roundIcon="@mipmap/ic_launcher_round"
34-->src\main\AndroidManifest.xml:14:9-54
35        android:supportsRtl="true"
35-->src\main\AndroidManifest.xml:15:9-35
36        android:theme="@style/Theme.DemoApp" >
36-->src\main\AndroidManifest.xml:16:9-45
37        <activity
37-->src\main\AndroidManifest.xml:18:9-28:20
38            android:name="com.si.brightcove.demo.MainActivity"
38-->src\main\AndroidManifest.xml:19:13-41
39            android:configChanges="orientation|screenSize|keyboardHidden|screenLayout|smallestScreenSize"
39-->src\main\AndroidManifest.xml:21:13-106
40            android:exported="true"
40-->src\main\AndroidManifest.xml:20:13-36
41            android:label="@string/app_name"
41-->src\main\AndroidManifest.xml:22:13-45
42            android:theme="@style/Theme.DemoApp" >
42-->src\main\AndroidManifest.xml:23:13-49
43            <intent-filter>
43-->src\main\AndroidManifest.xml:24:13-27:29
44                <action android:name="android.intent.action.MAIN" />
44-->src\main\AndroidManifest.xml:25:17-69
44-->src\main\AndroidManifest.xml:25:25-66
45
46                <category android:name="android.intent.category.LAUNCHER" />
46-->src\main\AndroidManifest.xml:26:17-77
46-->src\main\AndroidManifest.xml:26:27-74
47            </intent-filter>
48        </activity>
49
50        <provider
50-->[androidx.emoji2:emoji2:1.4.0] AndroidManifest.xml:24:9-32:20
51            android:name="androidx.startup.InitializationProvider"
51-->[androidx.emoji2:emoji2:1.4.0] AndroidManifest.xml:25:13-67
52            android:authorities="com.si.brightcove.demo.androidx-startup"
52-->[androidx.emoji2:emoji2:1.4.0] AndroidManifest.xml:26:13-68
53            android:exported="false" >
53-->[androidx.emoji2:emoji2:1.4.0] AndroidManifest.xml:27:13-37
54            <meta-data
54-->[androidx.emoji2:emoji2:1.4.0] AndroidManifest.xml:29:13-31:52
55                android:name="androidx.emoji2.text.EmojiCompatInitializer"
55-->[androidx.emoji2:emoji2:1.4.0] AndroidManifest.xml:30:17-75
56                android:value="androidx.startup" />
56-->[androidx.emoji2:emoji2:1.4.0] AndroidManifest.xml:31:17-49
57            <meta-data
57-->[androidx.lifecycle:lifecycle-process:2.10.0] AndroidManifest.xml:29:13-31:52
58                android:name="androidx.lifecycle.ProcessLifecycleInitializer"
58-->[androidx.lifecycle:lifecycle-process:2.10.0] AndroidManifest.xml:30:17-78
59                android:value="androidx.startup" />
59-->[androidx.lifecycle:lifecycle-process:2.10.0] AndroidManifest.xml:31:17-49
60            <meta-data
60-->[androidx.profileinstaller:profileinstaller:1.4.0] AndroidManifest.xml:29:13-31:52
61                android:name="androidx.profileinstaller.ProfileInstallerInitializer"
61-->[androidx.profileinstaller:profileinstaller:1.4.0] AndroidManifest.xml:30:17-85
62                android:value="androidx.startup" />
62-->[androidx.profileinstaller:profileinstaller:1.4.0] AndroidManifest.xml:31:17-49
63        </provider> <!-- If we don't register this Activity in the Manifest, apps using the SDK will crash when they try to access it. -->
64        <!-- During the app's build process, this manifest will be merged with the app-level one. -->
65        <activity android:name="com.brightcove.player.captioning.BrightcoveCaptionPropertiesActivity" />
65-->[com.brightcove.player:android-sdk:8.3.0] AndroidManifest.xml:16:9-105
65-->[com.brightcove.player:android-sdk:8.3.0] AndroidManifest.xml:16:19-102
66
67        <service
67-->[com.brightcove.player:android-sdk:8.3.0] AndroidManifest.xml:18:9-21:61
68            android:name="com.brightcove.player.playback.MediaPlaybackService"
68-->[com.brightcove.player:android-sdk:8.3.0] AndroidManifest.xml:19:13-79
69            android:enabled="true"
69-->[com.brightcove.player:android-sdk:8.3.0] AndroidManifest.xml:20:13-35
70            android:foregroundServiceType="mediaPlayback" />
70-->[com.brightcove.player:android-sdk:8.3.0] AndroidManifest.xml:21:13-58
71
72        <receiver
72-->[androidx.profileinstaller:profileinstaller:1.4.0] AndroidManifest.xml:34:9-52:20
73            android:name="androidx.profileinstaller.ProfileInstallReceiver"
73-->[androidx.profileinstaller:profileinstaller:1.4.0] AndroidManifest.xml:35:13-76
74            android:directBootAware="false"
74-->[androidx.profileinstaller:profileinstaller:1.4.0] AndroidManifest.xml:36:13-44
75            android:enabled="true"
75-->[androidx.profileinstaller:profileinstaller:1.4.0] AndroidManifest.xml:37:13-35
76            android:exported="true"
76-->[androidx.profileinstaller:profileinstaller:1.4.0] AndroidManifest.xml:38:13-36
77            android:permission="android.permission.DUMP" >
77-->[androidx.profileinstaller:profileinstaller:1.4.0] AndroidManifest.xml:39:13-57
78            <intent-filter>
78-->[androidx.profileinstaller:profileinstaller:1.4.0] AndroidManifest.xml:40:13-42:29
79                <action android:name="androidx.profileinstaller.action.INSTALL_PROFILE" />
79-->[androidx.profileinstaller:profileinstaller:1.4.0] AndroidManifest.xml:41:17-91
79-->[androidx.profileinstaller:profileinstaller:1.4.0] AndroidManifest.xml:41:25-88
80            </intent-filter>
81            <intent-filter>
81-->[androidx.profileinstaller:profileinstaller:1.4.0] AndroidManifest.xml:43:13-45:29
82                <action android:name="androidx.profileinstaller.action.SKIP_FILE" />
82-->[androidx.profileinstaller:profileinstaller:1.4.0] AndroidManifest.xml:44:17-85
82-->[androidx.profileinstaller:profileinstaller:1.4.0] AndroidManifest.xml:44:25-82
83            </intent-filter>
84            <intent-filter>
84-->[androidx.profileinstaller:profileinstaller:1.4.0] AndroidManifest.xml:46:13-48:29
85                <action android:name="androidx.profileinstaller.action.SAVE_PROFILE" />
85-->[androidx.profileinstaller:profileinstaller:1.4.0] AndroidManifest.xml:47:17-88
85-->[androidx.profileinstaller:profileinstaller:1.4.0] AndroidManifest.xml:47:25-85
86            </intent-filter>
87            <intent-filter>
87-->[androidx.profileinstaller:profileinstaller:1.4.0] AndroidManifest.xml:49:13-51:29
88                <action android:name="androidx.profileinstaller.action.BENCHMARK_OPERATION" />
88-->[androidx.profileinstaller:profileinstaller:1.4.0] AndroidManifest.xml:50:17-95
88-->[androidx.profileinstaller:profileinstaller:1.4.0] AndroidManifest.xml:50:25-92
89            </intent-filter>
90        </receiver>
91
92        <service android:name="com.liulishuo.filedownloader.services.FileDownloadService$SharedMainProcessService" />
92-->[com.liulishuo.filedownloader:library:1.7.7] AndroidManifest.xml:12:9-118
92-->[com.liulishuo.filedownloader:library:1.7.7] AndroidManifest.xml:12:18-115
93        <service
93-->[com.liulishuo.filedownloader:library:1.7.7] AndroidManifest.xml:13:9-15:49
94            android:name="com.liulishuo.filedownloader.services.FileDownloadService$SeparateProcessService"
94-->[com.liulishuo.filedownloader:library:1.7.7] AndroidManifest.xml:14:13-108
95            android:process=":filedownloader" />
95-->[com.liulishuo.filedownloader:library:1.7.7] AndroidManifest.xml:15:13-46
96    </application>
97
98</manifest>